[0.598s] Invoking command in '/home/jf/ros2_jf_waterloo/src/py_pubsub': PYTHONPATH=/home/jf/ros2_jf_waterloo/src/py_pubsub/build/py_pubsub/prefix_override:/home/jf/ros2_jf_waterloo/src/py_pubsub/install/py_pubsub/lib/python3.10/site-packages:${PYTHONPATH} /usr/bin/python3 -W ignore:setup.py install is deprecated setup.py egg_info --egg-base build/py_pubsub build --build-base /home/jf/ros2_jf_waterloo/src/py_pubsub/build/py_pubsub/build install --record /home/jf/ros2_jf_waterloo/src/py_pubsub/build/py_pubsub/install.log --single-version-externally-managed install_data
[0.754s] running egg_info
[0.754s] creating build/py_pubsub/py_pubsub.egg-info
[0.754s] writing build/py_pubsub/py_pubsub.egg-info/PKG-INFO
[0.754s] writing dependency_links to build/py_pubsub/py_pubsub.egg-info/dependency_links.txt
[0.755s] writing entry points to build/py_pubsub/py_pubsub.egg-info/entry_points.txt
[0.755s] writing requirements to build/py_pubsub/py_pubsub.egg-info/requires.txt
[0.755s] writing top-level names to build/py_pubsub/py_pubsub.egg-info/top_level.txt
[0.755s] writing manifest file 'build/py_pubsub/py_pubsub.egg-info/SOURCES.txt'
[0.756s] reading manifest file 'build/py_pubsub/py_pubsub.egg-info/SOURCES.txt'
[0.756s] adding license file 'LICENSE'
[0.756s] writing manifest file 'build/py_pubsub/py_pubsub.egg-info/SOURCES.txt'
[0.756s] running build
[0.756s] running build_py
[0.756s] creating /home/jf/ros2_jf_waterloo/src/py_pubsub/build/py_pubsub/build
[0.756s] creating /home/jf/ros2_jf_waterloo/src/py_pubsub/build/py_pubsub/build/lib
[0.756s] creating /home/jf/ros2_jf_waterloo/src/py_pubsub/build/py_pubsub/build/lib/py_pubsub
[0.756s] copying py_pubsub/publisher_member_function.py -> /home/jf/ros2_jf_waterloo/src/py_pubsub/build/py_pubsub/build/lib/py_pubsub
[0.757s] copying py_pubsub/subscriber_member_function.py -> /home/jf/ros2_jf_waterloo/src/py_pubsub/build/py_pubsub/build/lib/py_pubsub
[0.757s] copying py_pubsub/__init__.py -> /home/jf/ros2_jf_waterloo/src/py_pubsub/build/py_pubsub/build/lib/py_pubsub
[0.757s] running install
[0.757s] running install_lib
[0.757s] creating /home/jf/ros2_jf_waterloo/src/py_pubsub/install/py_pubsub/lib/python3.10/site-packages/py_pubsub
[0.757s] copying /home/jf/ros2_jf_waterloo/src/py_pubsub/build/py_pubsub/build/lib/py_pubsub/publisher_member_function.py -> /home/jf/ros2_jf_waterloo/src/py_pubsub/install/py_pubsub/lib/python3.10/site-packages/py_pubsub
[0.757s] copying /home/jf/ros2_jf_waterloo/src/py_pubsub/build/py_pubsub/build/lib/py_pubsub/subscriber_member_function.py -> /home/jf/ros2_jf_waterloo/src/py_pubsub/install/py_pubsub/lib/python3.10/site-packages/py_pubsub
[0.757s] copying /home/jf/ros2_jf_waterloo/src/py_pubsub/build/py_pubsub/build/lib/py_pubsub/__init__.py -> /home/jf/ros2_jf_waterloo/src/py_pubsub/install/py_pubsub/lib/python3.10/site-packages/py_pubsub
[0.758s] byte-compiling /home/jf/ros2_jf_waterloo/src/py_pubsub/install/py_pubsub/lib/python3.10/site-packages/py_pubsub/publisher_member_function.py to publisher_member_function.cpython-310.pyc
[0.758s] byte-compiling /home/jf/ros2_jf_waterloo/src/py_pubsub/install/py_pubsub/lib/python3.10/site-packages/py_pubsub/subscriber_member_function.py to subscriber_member_function.cpython-310.pyc
[0.758s] byte-compiling /home/jf/ros2_jf_waterloo/src/py_pubsub/install/py_pubsub/lib/python3.10/site-packages/py_pubsub/__init__.py to __init__.cpython-310.pyc
[0.759s] running install_data
[0.759s] creating /home/jf/ros2_jf_waterloo/src/py_pubsub/install/py_pubsub/share/ament_index
[0.759s] creating /home/jf/ros2_jf_waterloo/src/py_pubsub/install/py_pubsub/share/ament_index/resource_index
[0.759s] creating /home/jf/ros2_jf_waterloo/src/py_pubsub/install/py_pubsub/share/ament_index/resource_index/packages
[0.759s] copying resource/py_pubsub -> /home/jf/ros2_jf_waterloo/src/py_pubsub/install/py_pubsub/share/ament_index/resource_index/packages
[0.759s] copying package.xml -> /home/jf/ros2_jf_waterloo/src/py_pubsub/install/py_pubsub/share/py_pubsub
[0.759s] running install_egg_info
[0.760s] Copying build/py_pubsub/py_pubsub.egg-info to /home/jf/ros2_jf_waterloo/src/py_pubsub/install/py_pubsub/lib/python3.10/site-packages/py_pubsub-0.0.0-py3.10.egg-info
[0.761s] running install_scripts
[0.775s] Installing listener script to /home/jf/ros2_jf_waterloo/src/py_pubsub/install/py_pubsub/lib/py_pubsub
[0.776s] Installing talker script to /home/jf/ros2_jf_waterloo/src/py_pubsub/install/py_pubsub/lib/py_pubsub
[0.776s] writing list of installed files to '/home/jf/ros2_jf_waterloo/src/py_pubsub/build/py_pubsub/install.log'
[0.795s] Invoked command in '/home/jf/ros2_jf_waterloo/src/py_pubsub' returned '0': PYTHONPATH=/home/jf/ros2_jf_waterloo/src/py_pubsub/build/py_pubsub/prefix_override:/home/jf/ros2_jf_waterloo/src/py_pubsub/install/py_pubsub/lib/python3.10/site-packages:${PYTHONPATH} /usr/bin/python3 -W ignore:setup.py install is deprecated setup.py egg_info --egg-base build/py_pubsub build --build-base /home/jf/ros2_jf_waterloo/src/py_pubsub/build/py_pubsub/build install --record /home/jf/ros2_jf_waterloo/src/py_pubsub/build/py_pubsub/install.log --single-version-externally-managed install_data
